***************************************
part 0,0:1
part 1,0:20042.2
part 2,0:0
part 0,1:0
part 1,1:221.515
part 2,1:-1
part 0,2:1
part 1,2:22970.4
part 2,2:0
part 0,3:0
part 1,3:43822.9
part 2,3:-1
part 0,4:1
part 1,4:19097.2
part 2,4:0
part 0,5:0
part 1,5:30955.6
part 2,5:-1
Modified total exec:137107
***************************************
***************************************
part 0,0:1
part 1,0:39240.4
part 2,0:0
part 0,1:0
part 1,1:35271.1
part 2,1:-1
part 0,2:1
part 1,2:30136.1
part 2,2:0
part 0,3:0
part 1,3:54776.3
part 2,3:-1
part 0,4:1
part 1,4:30085.3
part 2,4:0
part 0,5:0
part 1,5:23452.6
part 2,5:-1
Modified total exec:212960
***************************************
***************************************
part 0,0:1
part 1,0:66386.8
part 2,0:0
part 0,1:0
part 1,1:20263.8
part 2,1:-1
part 0,2:1
part 1,2:51751.6
part 2,2:0
part 0,3:0
part 1,3:81012.2
part 2,3:-1
part 0,4:1
part 1,4:58899.3
part 2,4:0
part 0,5:0
part 1,5:103724
part 2,5:-1
Modified total exec:382035
***************************************
***************************************
part 0,0:1
part 1,0:40086.4
part 2,0:0
part 0,1:0
part 1,1:101263
part 2,1:-1
part 0,2:1
part 1,2:57118.3
part 2,2:0
part 0,3:0
part 1,3:35634.1
part 2,3:-1
part 0,4:1
part 1,4:43959.6
part 2,4:0
part 0,5:0
part 1,5:12603.2
part 2,5:-1
Modified total exec:290662
***************************************
***************************************
part 0,0:1
part 1,0:94274.4
part 2,0:0
part 0,1:0
part 1,1:225263
part 2,1:-1
part 0,2:1
part 1,2:62714.1
part 2,2:0
part 0,3:0
part 1,3:11934.1
part 2,3:-1
part 0,4:1
part 1,4:93011.4
part 2,4:0
part 0,5:0
part 1,5:12802.5
part 2,5:-1
Modified total exec:499998
***************************************
part 0,0:1
part 1,0:6012.67
part 2,0:0
part 0,1:0
part 1,1:66.4545
part 2,1:-1
part 0,2:1
part 1,2:6891.12
part 2,2:0
part 0,3:0
part 1,3:13146.9
part 2,3:-1
part 0,4:1
part 1,4:5729.16
part 2,4:0
part 0,5:0
part 1,5:9286.69
part 2,5:-1
Modified total exec:41130
****************************************
part 0,0:1
part 1,0:11772.1
part 2,0:0
part 0,1:0
part 1,1:10581.3
part 2,1:-1
part 0,2:1
part 1,2:9040.84
part 2,2:0
part 0,3:0
part 1,3:16432.9
part 2,3:-1
part 0,4:1
part 1,4:9025.6
part 2,4:0
part 0,5:0
part 1,5:7035.78
part 2,5:-1
Modified total exec:63885
****************************************
part 0,0:1
part 1,0:19916
part 2,0:0
part 0,1:0
part 1,1:6079.15
part 2,1:-1
part 0,2:1
part 1,2:15525.5
part 2,2:0
part 0,3:0
part 1,3:24303.6
part 2,3:-1
part 0,4:1
part 1,4:17669.8
part 2,4:0
part 0,5:0
part 1,5:31117.2
part 2,5:-1
Modified total exec:114609
****************************************
part 0,0:1
part 1,0:12025.9
part 2,0:0
part 0,1:0
part 1,1:30378.8
part 2,1:-1
part 0,2:1
part 1,2:17135.5
part 2,2:0
part 0,3:0
part 1,3:10690.2
part 2,3:-1
part 0,4:1
part 1,4:13187.9
part 2,4:0
part 0,5:0
part 1,5:3780.95
part 2,5:-1
Modified total exec:87195
****************************************
part 0,0:1
part 1,0:28282.3
part 2,0:0
part 0,1:0
part 1,1:67579
part 2,1:-1
part 0,2:1
part 1,2:18814.2
part 2,2:0
part 0,3:0
part 1,3:3580.24
part 2,3:-1
part 0,4:1
part 1,4:27903.4
part 2,4:0
part 0,5:0
part 1,5:3840.74
part 2,5:-1
Modified total exec:149998
****************************************
ID	Commit	Abr_No	Abr_Dur	Start	Deadline	Endtime	Responsetime
6915	90	3182	8548266	1317001977862178477	1317001978362178477	1317001977961785762	99607285
				1317001978362178477	1317001978862178477	1317001978403526407	41347930
				1317001978862178477	1317001979362178477	1317001978903548058	41369581
				1317001979362178477	1317001979862178477	1317001979403363608	41185131
				1317001979862178477	1317001980362178477	1317001979903588286	41409809
				1317001980362178477	1317001980862178477	1317001980403496445	41317968
				1317001980862178477	1317001981362178477	1317001980903252560	41074083
				1317001981362178477	1317001981862178477	1317001981403371989	41193512
				1317001981862178477	1317001982362178477	1317001981906272204	44093727
				1317001982362178477	1317001982862178477	1317001982403494490	41316013
				1317001982862178477	1317001983362178477	1317001982906153893	43975416
				1317001983362178477	1317001983862178477	1317001983403634381	41455904
				1317001983862178477	1317001984362178477	1317001983971531227	109352750
				1317001984362178477	1317001984862178477	1317001984403580813	41402336
				1317001984862178477	1317001985362178477	1317001984903693676	41515199
				1317001985362178477	1317001985862178477	1317001985403398459	41219982
				1317001985862178477	1317001986362178477	1317001985906118623	43940146
				1317001986362178477	1317001986862178477	1317001986403517468	41338991
				1317001986862178477	1317001987362178477	1317001986903356483	41178006
				1317001987362178477	1317001987862178477	1317001987403570127	41391650
				1317001987862178477	1317001988362178477	1317001987903320936	41142459
				1317001988362178477	1317001988862178477	1317001988403651142	41472665
				1317001988862178477	1317001989362178477	1317001988903519074	41340597
				1317001989362178477	1317001989862178477	1317001989403505106	41326629
				1317001989862178477	1317001990362178477	1317001989971812894	109634417
				1317001990362178477	1317001990862178477	1317001990403673631	41495154
				1317001990862178477	1317001991362178477	1317001990903691372	41512895
				1317001991362178477	1317001991862178477	1317001991403488275	41309798
				1317001991862178477	1317001992362178477	1317001991903548058	41369581
				1317001992362178477	1317001992862178477	1317001992403572223	41393746
6916	45	10587	132101810	1317001977862178477	1317001978862178477	1317001978025788835	163610358
				1317001978862178477	1317001979862178477	1317001978938894836	76716359
				1317001979862178477	1317001980862178477	1317001979939018943	76840466
				1317001980862178477	1317001981862178477	1317001980941474689	79296212
				1317001981862178477	1317001982862178477	1317001981943643810	81465333
				1317001982862178477	1317001983862178477	1317001982943433100	81254623
				1317001983862178477	1317001984862178477	1317001983928659926	66481449
				1317001984862178477	1317001985862178477	1317001984939149545	76971068
				1317001985862178477	1317001986862178477	1317001985943452375	81273898
				1317001986862178477	1317001987862178477	1317001987093204125	231025648
				1317001987862178477	1317001988862178477	1317001987967752902	105574425
				1317001988862178477	1317001989862178477	1317001988938962861	76784384
				1317001989862178477	1317001990862178477	1317001989927359975	65181498
				1317001990862178477	1317001991862178477	1317001990939122518	76944041
				1317001991862178477	1317001992862178477	1317001991938986118	76807641
6917	30	16819	293925167	1317001977862178477	1317001979362178477	1317001978140536027	278357550
				1317001979362178477	1317001980862178477	1317001979516170201	153991724
				1317001980862178477	1317001982362178477	1317001981023291811	161113334
				1317001982362178477	1317001983862178477	1317001982515968081	153789604
				1317001983862178477	1317001985362178477	1317001984030471391	168292914
				1317001985362178477	1317001986862178477	1317001985521927329	159748852
				1317001986862178477	1317001988362178477	1317001987029353934	167175457
				1317001988362178477	1317001989862178477	1317001988515925128	153746651
				1317001989862178477	1317001991362178477	1317001990098863337	236684860
				1317001991362178477	1317001992862178477	1317001991521727374	159548897
6918	15	13549	47058375	1317001977862178477	1317001980862178477	1317001978227608540	365430063
				1317001980862178477	1317001983862178477	1317001981036311698	174133221
				1317001983862178477	1317001986862178477	1317001984117618773	255440296
				1317001986862178477	1317001989862178477	1317001987014198591	152020114
				1317001989862178477	1317001992862178477	1317001989984264904	122086427
6919	9	4128	198220481	1317001977862178477	1317001982862178477	1317001978433656765	571478288
				1317001982862178477	1317001987862178477	1317001983088487209	226308732
				1317001987862178477	1317001992862178477	1317001988127590731	265412254
0.3/FIFO: Tasks: 63/63, Utility: 1059/1059, Aborted: 0, Tardiness: 0
