Entering genObj
no objects:1
Entering genObj
no objects:1
Entering genObj
no objects:1
Entering genObj
no objects:1
***************************************
part 0,0:1
part 1,0:999.835
part 2,0:1
part 0,1:0
part 1,1:523.639
part 2,1:-1
part 0,2:1
part 1,2:999.835
part 2,2:1
part 0,3:0
part 1,3:261.819
part 2,3:-1
part 0,4:1
part 1,4:999.835
part 2,4:1
part 0,5:0
part 1,5:261.819
part 2,5:-1
part 0,6:1
part 1,6:999.835
part 2,6:1
Modified total exec:5041
***************************************
Entering genObj
no objects:1
Entering genObj
no objects:1
Entering genObj
no objects:1
Entering genObj
no objects:1
***************************************
part 0,0:1
part 1,0:3799.95
part 2,0:1
part 0,1:0
part 1,1:3141.83
part 2,1:-1
part 0,2:1
part 1,2:3799.95
part 2,2:1
part 0,3:0
part 1,3:261.819
part 2,3:-1
part 0,4:1
part 1,4:3799.95
part 2,4:1
part 0,5:0
part 1,5:261.819
part 2,5:-1
part 0,6:1
part 1,6:3799.95
part 2,6:1
Modified total exec:18859
***************************************
Entering genObj
no objects:1
Entering genObj
no objects:1
Entering genObj
no objects:1
Entering genObj
no objects:1
***************************************
part 0,0:1
part 1,0:1199.97
part 2,0:1
part 0,1:0
part 1,1:785.458
part 2,1:-1
part 0,2:1
part 1,2:1199.97
part 2,2:1
part 0,3:0
part 1,3:261.819
part 2,3:-1
part 0,4:1
part 1,4:1199.97
part 2,4:1
part 0,5:0
part 1,5:261.819
part 2,5:-1
part 0,6:1
part 1,6:1199.97
part 2,6:1
Modified total exec:6103
***************************************
Entering genObj
no objects:1
Entering genObj
no objects:1
Entering genObj
no objects:1
Entering genObj
no objects:1
***************************************
part 0,0:1
part 1,0:7199.83
part 2,0:1
part 0,1:0
part 1,1:1570.92
part 2,1:-1
part 0,2:1
part 1,2:7199.83
part 2,2:1
part 0,3:0
part 1,3:4450.93
part 2,3:-1
part 0,4:1
part 1,4:7199.83
part 2,4:1
part 0,5:0
part 1,5:785.458
part 2,5:-1
part 0,6:1
part 1,6:7199.83
part 2,6:1
part 0,7:0
part 1,7:261.819
part 2,7:-1
Modified total exec:35862
***************************************
Entering genObj
no objects:1
Entering genObj
no objects:1
Entering genObj
no objects:1
Entering genObj
no objects:1
***************************************
part 0,0:1
part 1,0:7399.86
part 2,0:1
part 0,1:0
part 1,1:2618.19
part 2,1:-1
part 0,2:1
part 1,2:7399.86
part 2,2:1
part 0,3:0
part 1,3:1832.74
part 2,3:-1
part 0,4:1
part 1,4:7399.86
part 2,4:1
part 0,5:0
part 1,5:261.819
part 2,5:-1
part 0,6:1
part 1,6:7399.86
part 2,6:1
part 0,7:0
part 1,7:2618.19
part 2,7:-1
Modified total exec:36925
***************************************
Entering genObj
no objects:1
Entering genObj
no objects:1
Entering genObj
no objects:1
Entering genObj
no objects:1
***************************************
part 0,0:1
part 1,0:4199.8
part 2,0:1
part 0,1:0
part 1,1:3141.83
part 2,1:-1
part 0,2:1
part 1,2:4199.8
part 2,2:1
part 0,3:0
part 1,3:261.819
part 2,3:-1
part 0,4:1
part 1,4:4199.8
part 2,4:1
part 0,5:0
part 1,5:261.819
part 2,5:-1
part 0,6:1
part 1,6:4199.8
part 2,6:1
part 0,7:0
part 1,7:523.639
part 2,7:-1
Modified total exec:20982
***************************************
Entering genObj
no objects:1
Entering genObj
no objects:1
Entering genObj
no objects:1
Entering genObj
no objects:1
***************************************
part 0,0:1
part 1,0:1599.93
part 2,0:1
part 0,1:0
part 1,1:785.458
part 2,1:-1
part 0,2:1
part 1,2:1599.93
part 2,2:1
part 0,3:0
part 1,3:261.819
part 2,3:-1
part 0,4:1
part 1,4:1599.93
part 2,4:1
part 0,5:0
part 1,5:261.819
part 2,5:-1
part 0,6:1
part 1,6:1599.93
part 2,6:1
part 0,7:0
part 1,7:261.819
part 2,7:-1
Modified total exec:7964
***************************************
Entering genObj
no objects:1
Entering genObj
no objects:1
Entering genObj
no objects:1
Entering genObj
no objects:1
***************************************
part 0,0:1
part 1,0:4399.93
part 2,0:1
part 0,1:0
part 1,1:3927.29
part 2,1:-1
part 0,2:1
part 1,2:4399.93
part 2,2:1
part 0,3:0
part 1,3:261.819
part 2,3:-1
part 0,4:1
part 1,4:4399.93
part 2,4:1
part 0,5:0
part 1,5:261.819
part 2,5:-1
part 0,6:1
part 1,6:4399.93
part 2,6:1
Modified total exec:22045
***************************************
Entering genObj
no objects:1
Entering genObj
no objects:1
Entering genObj
no objects:1
Entering genObj
no objects:1
***************************************
part 0,0:1
part 1,0:6999.91
part 2,0:1
part 0,1:0
part 1,1:6545.48
part 2,1:-1
part 0,2:1
part 1,2:6999.91
part 2,2:1
part 0,3:0
part 1,3:261.819
part 2,3:-1
part 0,4:1
part 1,4:6999.91
part 2,4:1
part 0,5:0
part 1,5:261.819
part 2,5:-1
part 0,6:1
part 1,6:6999.91
part 2,6:1
Modified total exec:35063
***************************************
Entering genObj
no objects:1
Entering genObj
no objects:1
Entering genObj
no objects:1
Entering genObj
no objects:1
***************************************
part 0,0:1
part 1,0:11799.8
part 2,0:1
part 0,1:0
part 1,1:8901.86
part 2,1:-1
part 0,2:1
part 1,2:11799.8
part 2,2:1
part 0,3:0
part 1,3:2618.19
part 2,3:-1
part 0,4:1
part 1,4:11799.8
part 2,4:1
part 0,5:0
part 1,5:261.819
part 2,5:-1
part 0,6:1
part 1,6:11799.8
part 2,6:1
Modified total exec:58976
***************************************
Entering genObj
no objects:1
Entering genObj
no objects:1
Entering genObj
no objects:1
Entering genObj
no objects:1
***************************************
part 0,0:1
part 1,0:358800
part 2,0:1
part 0,1:0
part 1,1:9163.68
part 2,1:-1
part 0,2:1
part 1,2:358800
part 2,2:1
part 0,3:0
part 1,3:158663
part 2,3:-1
part 0,4:1
part 1,4:358800
part 2,4:1
part 0,5:0
part 1,5:30632.9
part 2,5:-1
part 0,6:1
part 1,6:358800
part 2,6:1
part 0,7:0
part 1,7:160233
part 2,7:-1
Modified total exec:1793886
***************************************
Entering genObj
no objects:1
Entering genObj
no objects:1
Entering genObj
no objects:1
Entering genObj
no objects:1
***************************************
part 0,0:1
part 1,0:26800
part 2,0:1
part 0,1:0
part 1,1:9163.68
part 2,1:-1
part 0,2:1
part 1,2:26800
part 2,2:1
part 0,3:0
part 1,3:15709.2
part 2,3:-1
part 0,4:1
part 1,4:26800
part 2,4:1
part 0,5:0
part 1,5:1570.92
part 2,5:-1
part 0,6:1
part 1,6:26800
part 2,6:1
part 0,7:0
part 1,7:261.819
part 2,7:-1
Modified total exec:133899
***************************************
Entering genObj
no objects:1
Entering genObj
no objects:1
Entering genObj
no objects:1
Entering genObj
no objects:1
***************************************
part 0,0:1
part 1,0:36400
part 2,0:1
part 0,1:0
part 1,1:24087.4
part 2,1:-1
part 0,2:1
part 1,2:36400
part 2,2:1
part 0,3:0
part 1,3:8901.86
part 2,3:-1
part 0,4:1
part 1,4:36400
part 2,4:1
part 0,5:0
part 1,5:1309.1
part 2,5:-1
part 0,6:1
part 1,6:36400
part 2,6:1
part 0,7:0
part 1,7:2094.55
part 2,7:-1
Modified total exec:181987
***************************************
Entering genObj
no objects:1
Entering genObj
no objects:1
Entering genObj
no objects:1
Entering genObj
no objects:1
***************************************
part 0,0:1
part 1,0:51600
part 2,0:1
part 0,1:0
part 1,1:13091
part 2,1:-1
part 0,2:1
part 1,2:51600
part 2,2:1
part 0,3:0
part 1,3:2356.37
part 2,3:-1
part 0,4:1
part 1,4:51600
part 2,4:1
part 0,5:0
part 1,5:34036.5
part 2,5:-1
part 0,6:1
part 1,6:51600
part 2,6:1
part 0,7:0
part 1,7:2094.55
part 2,7:-1
Modified total exec:257972
***************************************
Entering genObj
no objects:1
Entering genObj
no objects:1
Entering genObj
no objects:1
Entering genObj
no objects:1
***************************************
part 0,0:1
part 1,0:20000
part 2,0:1
part 0,1:0
part 1,1:523.639
part 2,1:-1
part 0,2:1
part 1,2:20000
part 2,2:1
part 0,3:0
part 1,3:6283.66
part 2,3:-1
part 0,4:1
part 1,4:20000
part 2,4:1
part 0,5:0
part 1,5:8378.22
part 2,5:-1
part 0,6:1
part 1,6:20000
part 2,6:1
part 0,7:0
part 1,7:4712.75
part 2,7:-1
Modified total exec:99892
***************************************
Entering genObj
no objects:1
Entering genObj
no objects:1
Entering genObj
no objects:1
Entering genObj
no objects:1
***************************************
part 0,0:1
part 1,0:67999.8
part 2,0:1
part 0,1:0
part 1,1:49222
part 2,1:-1
part 0,2:1
part 1,2:67999.8
part 2,2:1
part 0,3:0
part 1,3:6545.48
part 2,3:-1
part 0,4:1
part 1,4:67999.8
part 2,4:1
part 0,5:0
part 1,5:9949.14
part 2,5:-1
part 0,6:1
part 1,6:67999.8
part 2,6:1
part 0,7:0
part 1,7:2094.55
part 2,7:-1
Modified total exec:339806
***************************************
Entering genObj
no objects:1
Entering genObj
no objects:1
Entering genObj
no objects:1
Entering genObj
no objects:1
***************************************
part 0,0:1
part 1,0:19799.9
part 2,0:1
part 0,1:0
part 1,1:3665.47
part 2,1:-1
part 0,2:1
part 1,2:19799.9
part 2,2:1
part 0,3:0
part 1,3:6021.85
part 2,3:-1
part 0,4:1
part 1,4:19799.9
part 2,4:1
part 0,5:0
part 1,5:785.458
part 2,5:-1
part 0,6:1
part 1,6:19799.9
part 2,6:1
part 0,7:0
part 1,7:9163.68
part 2,7:-1
Modified total exec:98830
***************************************
Entering genObj
no objects:1
Entering genObj
no objects:1
Entering genObj
no objects:1
Entering genObj
no objects:1
***************************************
part 0,0:1
part 1,0:105000
part 2,0:1
part 0,1:0
part 1,1:28538.3
part 2,1:-1
part 0,2:1
part 1,2:105000
part 2,2:1
part 0,3:0
part 1,3:19374.6
part 2,3:-1
part 0,4:1
part 1,4:105000
part 2,4:1
part 0,5:0
part 1,5:42676.6
part 2,5:-1
part 0,6:1
part 1,6:105000
part 2,6:1
part 0,7:0
part 1,7:14400.1
part 2,7:-1
Modified total exec:524984
***************************************
