***************************************
part 0,0:1
part 1,0:45399.9
part 2,0:0,1,2,3,4,5,6,7,8,9
part 0,1:0
part 1,1:31942
part 2,1:-1
part 0,2:1
part 1,2:45399.9
part 2,2:0,1,2,3,4,5,6,7,8,9
part 0,3:0
part 1,3:7069.12
part 2,3:-1
part 0,4:1
part 1,4:45399.9
part 2,4:0,1,2,3,4,5,6,7,8,9
part 0,5:0
part 1,5:4974.57
part 2,5:-1
part 0,6:1
part 1,6:45399.9
part 2,6:0,1,2,3,4,5,6,7,8,9
part 0,7:0
part 1,7:1309.1
part 2,7:-1
Modified total exec:226889
***************************************
***************************************
part 0,0:1
part 1,0:81999.8
part 2,0:5,6,7,8,9,10,11,12,13,14
part 0,1:0
part 1,1:20160.1
part 2,1:-1
part 0,2:1
part 1,2:81999.8
part 2,2:5,6,7,8,9,10,11,12,13,14
part 0,3:0
part 1,3:35869.3
part 2,3:-1
part 0,4:1
part 1,4:81999.8
part 2,4:5,6,7,8,9,10,11,12,13,14
part 0,5:0
part 1,5:10472.8
part 2,5:-1
part 0,6:1
part 1,6:81999.8
part 2,6:5,6,7,8,9,10,11,12,13,14
part 0,7:0
part 1,7:15447.3
part 2,7:-1
Modified total exec:409944
***************************************
***************************************
part 0,0:1
part 1,0:59799.9
part 2,0:10,11,12,13,14,15,16,17,18,19
part 0,1:0
part 1,1:7592.76
part 2,1:-1
part 0,2:1
part 1,2:59799.9
part 2,2:10,11,12,13,14,15,16,17,18,19
part 0,3:0
part 1,3:14923.7
part 2,3:-1
part 0,4:1
part 1,4:59799.9
part 2,4:10,11,12,13,14,15,16,17,18,19
part 0,5:0
part 1,5:7330.94
part 2,5:-1
part 0,6:1
part 1,6:59799.9
part 2,6:10,11,12,13,14,15,16,17,18,19
part 0,7:0
part 1,7:29847.4
part 2,7:-1
Modified total exec:298888
***************************************
***************************************
part 0,0:1
part 1,0:99999.9
part 2,0:15,16,17,18,19,20,21,22,23,24
part 0,1:0
part 1,1:68596.7
part 2,1:-1
part 0,2:1
part 1,2:99999.9
part 2,2:15,16,17,18,19,20,21,22,23,24
part 0,3:0
part 1,3:2880.01
part 2,3:-1
part 0,4:1
part 1,4:99999.9
part 2,4:15,16,17,18,19,20,21,22,23,24
part 0,5:0
part 1,5:1570.92
part 2,5:-1
part 0,6:1
part 1,6:99999.9
part 2,6:15,16,17,18,19,20,21,22,23,24
part 0,7:0
part 1,7:26705.6
part 2,7:-1
Modified total exec:499747
***************************************
ID	Commit	Abr_No	Abr_Dur	Start	Deadline	Endtime	Responsetime
20091	60	0	0	1334882101554537904	1334882102554537904	1334882101779744373	225206469
				1334882102554537904	1334882103554537904	1334882102751681999	197144095
				1334882103554537904	1334882104554537904	1334882103751680920	197143016
				1334882104554537904	1334882105554537904	1334882104751753380	197215476
				1334882105554537904	1334882106554537904	1334882105752435841	197897937
				1334882106554537904	1334882107554537904	1334882106751589839	197051935
				1334882107554537904	1334882108554537904	1334882107751559194	197021290
				1334882108554537904	1334882109554537904	1334882108751503413	196965509
				1334882109554537904	1334882110554537904	1334882109751466760	196928856
				1334882110554537904	1334882111554537904	1334882110751796149	197258245
				1334882111554537904	1334882112554537904	1334882111751638416	197100512
				1334882112554537904	1334882113554537904	1334882112751479661	196941757
				1334882113554537904	1334882114554537904	1334882113751670704	197132800
				1334882114554537904	1334882115554537904	1334882114751505625	196967721
				1334882115554537904	1334882116554537904	1334882115751480021	196942117
20092	40	218126	816657096	1334882101554537904	1334882103054537904	1334882102056693221	502155317
				1334882103054537904	1334882104554537904	1334882103413518400	358980496
				1334882104554537904	1334882106054537904	1334882104971877990	417340086
				1334882106054537904	1334882107554537904	1334882106413190278	358652374
				1334882107554537904	1334882109054537904	1334882107971696205	417158301
				1334882109054537904	1334882110554537904	1334882109413367236	358829332
				1334882110554537904	1334882112054537904	1334882111020530075	465992171
				1334882112054537904	1334882113554537904	1334882112413001772	358463868
				1334882113554537904	1334882115054537904	1334882113971566435	417028531
				1334882115054537904	1334882116554537904	1334882115413596542	359058638
20093	20	194687	1057658985	1334882101554537904	1334882104554537904	1334882101967894336	413356432
				1334882104554537904	1334882107554537904	1334882104883574105	329036201
				1334882107554537904	1334882110554537904	1334882107883427024	328889120
				1334882110554537904	1334882113554537904	1334882110841885671	287347767
				1334882113554537904	1334882116554537904	1334882113883404870	328866966
20094	12	10554	334473090	1334882101554537904	1334882106554537904	1334882102063682307	509144403
				1334882106554537904	1334882111554537904	1334882106991966922	437429018
				1334882111554537904	1334882116554537904	1334882111992588430	438050526
1/G_EDF: Tasks: 33/33, Utility: 549/549, Aborted: 0, Tardiness: 0
