***************************************
part 0,0:1
part 1,0:5199.89
part 2,0:1
part 0,1:0
part 1,1:523.639
part 2,1:-1
part 0,2:1
part 1,2:5199.89
part 2,2:1
part 0,3:0
part 1,3:523.639
part 2,3:-1
part 0,4:1
part 1,4:5199.89
part 2,4:1
part 0,5:0
part 1,5:3141.83
part 2,5:-1
part 0,6:1
part 1,6:5199.89
part 2,6:1
part 0,7:0
part 1,7:785.458
part 2,7:-1
Modified total exec:25768
***************************************
***************************************
part 0,0:1
part 1,0:4799.96
part 2,0:1
part 0,1:0
part 1,1:1047.28
part 2,1:-1
part 0,2:1
part 1,2:4799.96
part 2,2:1
part 0,3:0
part 1,3:785.458
part 2,3:-1
part 0,4:1
part 1,4:4799.96
part 2,4:1
part 0,5:0
part 1,5:261.819
part 2,5:-1
part 0,6:1
part 1,6:4799.96
part 2,6:1
part 0,7:0
part 1,7:2618.19
part 2,7:-1
Modified total exec:23907
***************************************
***************************************
part 0,0:1
part 1,0:3599.87
part 2,0:1
part 0,1:0
part 1,1:1570.92
part 2,1:-1
part 0,2:1
part 1,2:3599.87
part 2,2:1
part 0,3:0
part 1,3:1047.28
part 2,3:-1
part 0,4:1
part 1,4:3599.87
part 2,4:1
part 0,5:0
part 1,5:261.819
part 2,5:-1
part 0,6:1
part 1,6:3599.87
part 2,6:1
part 0,7:0
part 1,7:523.639
part 2,7:-1
Modified total exec:17797
***************************************
***************************************
part 0,0:1
part 1,0:6799.91
part 2,0:1
part 0,1:0
part 1,1:3141.83
part 2,1:-1
part 0,2:1
part 1,2:6799.91
part 2,2:1
part 0,3:0
part 1,3:2094.55
part 2,3:-1
part 0,4:1
part 1,4:6799.91
part 2,4:1
part 0,5:0
part 1,5:261.819
part 2,5:-1
part 0,6:1
part 1,6:6799.91
part 2,6:1
part 0,7:0
part 1,7:1047.28
part 2,7:-1
Modified total exec:33739
***************************************
***************************************
part 0,0:1
part 1,0:6999.93
part 2,0:1
part 0,1:0
part 1,1:2356.37
part 2,1:-1
part 0,2:1
part 1,2:6999.93
part 2,2:1
part 0,3:0
part 1,3:1832.74
part 2,3:-1
part 0,4:1
part 1,4:6999.93
part 2,4:1
part 0,5:0
part 1,5:1309.1
part 2,5:-1
part 0,6:1
part 1,6:6999.93
part 2,6:1
part 0,7:0
part 1,7:1309.1
part 2,7:-1
Modified total exec:34802
***************************************
***************************************
part 0,0:1
part 1,0:2799.8
part 2,0:1
part 0,1:0
part 1,1:1047.28
part 2,1:-1
part 0,2:1
part 1,2:2799.8
part 2,2:1
part 0,3:0
part 1,3:523.639
part 2,3:-1
part 0,4:1
part 1,4:2799.8
part 2,4:1
part 0,5:0
part 1,5:261.819
part 2,5:-1
part 0,6:1
part 1,6:2799.8
part 2,6:1
part 0,7:0
part 1,7:785.458
part 2,7:-1
Modified total exec:13812
***************************************
***************************************
part 0,0:1
part 1,0:2399.98
part 2,0:1
part 0,1:0
part 1,1:1309.1
part 2,1:-1
part 0,2:1
part 1,2:2399.98
part 2,2:1
part 0,3:0
part 1,3:785.458
part 2,3:-1
part 0,4:1
part 1,4:2399.98
part 2,4:1
part 0,5:0
part 1,5:261.819
part 2,5:-1
Modified total exec:9552
***************************************
***************************************
part 0,0:1
part 1,0:8799.97
part 2,0:1
part 0,1:0
part 1,1:5236.39
part 2,1:-1
part 0,2:1
part 1,2:8799.97
part 2,2:1
part 0,3:0
part 1,3:2618.19
part 2,3:-1
part 0,4:1
part 1,4:8799.97
part 2,4:1
part 0,5:0
part 1,5:523.639
part 2,5:-1
part 0,6:1
part 1,6:8799.97
part 2,6:1
part 0,7:0
part 1,7:261.819
part 2,7:-1
Modified total exec:43834
***************************************
***************************************
part 0,0:1
part 1,0:10999.8
part 2,0:1
part 0,1:0
part 1,1:9949.14
part 2,1:-1
part 0,2:1
part 1,2:10999.8
part 2,2:1
part 0,3:0
part 1,3:261.819
part 2,3:-1
part 0,4:1
part 1,4:10999.8
part 2,4:1
part 0,5:0
part 1,5:261.819
part 2,5:-1
part 0,6:1
part 1,6:10999.8
part 2,6:1
part 0,7:0
part 1,7:523.639
part 2,7:-1
Modified total exec:54990
***************************************
***************************************
part 0,0:1
part 1,0:5999.85
part 2,0:1
part 0,1:0
part 1,1:4974.57
part 2,1:-1
part 0,2:1
part 1,2:5999.85
part 2,2:1
part 0,3:0
part 1,3:785.458
part 2,3:-1
part 0,4:1
part 1,4:5999.85
part 2,4:1
part 0,5:0
part 1,5:261.819
part 2,5:-1
part 0,6:1
part 1,6:5999.85
part 2,6:1
Modified total exec:30016
***************************************
***************************************
part 0,0:1
part 1,0:27999.8
part 2,0:1
part 0,1:0
part 1,1:8901.86
part 2,1:-1
part 0,2:1
part 1,2:27999.8
part 2,2:1
part 0,3:0
part 1,3:17803.7
part 2,3:-1
part 0,4:1
part 1,4:27999.8
part 2,4:1
part 0,5:0
part 1,5:523.639
part 2,5:-1
part 0,6:1
part 1,6:27999.8
part 2,6:1
part 0,7:0
part 1,7:523.639
part 2,7:-1
Modified total exec:139746
***************************************
***************************************
part 0,0:1
part 1,0:13599.8
part 2,0:1
part 0,1:0
part 1,1:12567.3
part 2,1:-1
part 0,2:1
part 1,2:13599.8
part 2,2:1
part 0,3:0
part 1,3:261.819
part 2,3:-1
part 0,4:1
part 1,4:13599.8
part 2,4:1
part 0,5:0
part 1,5:523.639
part 2,5:-1
part 0,6:1
part 1,6:13599.8
part 2,6:1
Modified total exec:67747
***************************************
***************************************
part 0,0:1
part 1,0:5799.83
part 2,0:1
part 0,1:0
part 1,1:3665.47
part 2,1:-1
part 0,2:1
part 1,2:5799.83
part 2,2:1
part 0,3:0
part 1,3:785.458
part 2,3:-1
part 0,4:1
part 1,4:5799.83
part 2,4:1
part 0,5:0
part 1,5:523.639
part 2,5:-1
part 0,6:1
part 1,6:5799.83
part 2,6:1
part 0,7:0
part 1,7:785.458
part 2,7:-1
Modified total exec:28954
***************************************
***************************************
part 0,0:1
part 1,0:10199.9
part 2,0:1
part 0,1:0
part 1,1:6283.66
part 2,1:-1
part 0,2:1
part 1,2:10199.9
part 2,2:1
part 0,3:0
part 1,3:3403.65
part 2,3:-1
part 0,4:1
part 1,4:10199.9
part 2,4:1
part 0,5:0
part 1,5:261.819
part 2,5:-1
part 0,6:1
part 1,6:10199.9
part 2,6:1
Modified total exec:50743
***************************************
***************************************
part 0,0:1
part 1,0:27400
part 2,0:1
part 0,1:0
part 1,1:2094.55
part 2,1:-1
part 0,2:1
part 1,2:27400
part 2,2:1
part 0,3:0
part 1,3:23301.9
part 2,3:-1
part 0,4:1
part 1,4:27400
part 2,4:1
part 0,5:0
part 1,5:261.819
part 2,5:-1
part 0,6:1
part 1,6:27400
part 2,6:1
part 0,7:0
part 1,7:1570.92
part 2,7:-1
Modified total exec:136826
***************************************
***************************************
part 0,0:1
part 1,0:63800
part 2,0:1
part 0,1:0
part 1,1:40058.4
part 2,1:-1
part 0,2:1
part 1,2:63800
part 2,2:1
part 0,3:0
part 1,3:18851
part 2,3:-1
part 0,4:1
part 1,4:63800
part 2,4:1
part 0,5:0
part 1,5:261.819
part 2,5:-1
part 0,6:1
part 1,6:63800
part 2,6:1
part 0,7:0
part 1,7:4450.93
part 2,7:-1
Modified total exec:318820
***************************************
***************************************
part 0,0:1
part 1,0:55399.9
part 2,0:1
part 0,1:0
part 1,1:19898.3
part 2,1:-1
part 0,2:1
part 1,2:55399.9
part 2,2:1
part 0,3:0
part 1,3:12829.1
part 2,3:-1
part 0,4:1
part 1,4:55399.9
part 2,4:1
part 0,5:0
part 1,5:12829.1
part 2,5:-1
part 0,6:1
part 1,6:55399.9
part 2,6:1
part 0,7:0
part 1,7:9687.32
part 2,7:-1
Modified total exec:276839
***************************************
***************************************
part 0,0:1
part 1,0:1.7912e+06
part 2,0:1
part 0,1:0
part 1,1:86924
part 2,1:-1
part 0,2:1
part 1,2:1.7912e+06
part 2,2:1
part 0,3:0
part 1,3:1.40911e+06
part 2,3:-1
part 0,4:1
part 1,4:1.7912e+06
part 2,4:1
part 0,5:0
part 1,5:184844
part 2,5:-1
part 0,6:1
part 1,6:1.7912e+06
part 2,6:1
part 0,7:0
part 1,7:110226
part 2,7:-1
Modified total exec:8955904
***************************************
***************************************
part 0,0:1
part 1,0:48000
part 2,0:1
part 0,1:0
part 1,1:40320.2
part 2,1:-1
part 0,2:1
part 1,2:48000
part 2,2:1
part 0,3:0
part 1,3:1309.1
part 2,3:-1
part 0,4:1
part 1,4:48000
part 2,4:1
part 0,5:0
part 1,5:1832.74
part 2,5:-1
part 0,6:1
part 1,6:48000
part 2,6:1
part 0,7:0
part 1,7:4450.93
part 2,7:-1
Modified total exec:239911
***************************************
***************************************
part 0,0:1
part 1,0:115600
part 2,0:1
part 0,1:0
part 1,1:39272.9
part 2,1:-1
part 0,2:1
part 1,2:115600
part 2,2:1
part 0,3:0
part 1,3:5498.21
part 2,3:-1
part 0,4:1
part 1,4:115600
part 2,4:1
part 0,5:0
part 1,5:32727.4
part 2,5:-1
part 0,6:1
part 1,6:115600
part 2,6:1
part 0,7:0
part 1,7:37963.8
part 2,7:-1
Modified total exec:577860
***************************************
